number is 1
number is 2
number is 3
number is 4
number is 5
number is 6
number is 7
number is 8
number is 9
number is 10
name: Tahia
name: Tabassum
name: Tanuja
1. I love her
2. I love her
3. I love her
4. I love her
5. I love her
6. I love her
7. I love her
8. I love her
9. I love her
10. I love her
number is 1
number is 2
number is 3
number is 4
number is 5
number is 6
number is 7
number is 8
number is 9
number is 10
name: Tahia
name: Tabassum
name: Tanuja
1. I love her
2. I love her
3. I love her
4. I love her
5. I love her
6. I love her
7. I love her
8. I love her
9. I love her
10. I love her
